<?xml version="1.0" encoding="UTF-8"?>
<!-- Generated by org.testng.reporters.JUnitReportReporter -->
<testsuite hostname="Alaa-Saber" failures="0" tests="4" name="RestAPI.RestAPIs" time="5.296" errors="0" timestamp="2022-08-28T21:19:34 EET" skipped="0">
  <testcase classname="RestAPI.RestAPIs" name="make_Post_With_UserID" time="3.941"/>
  <system-out/>
  <testcase classname="RestAPI.RestAPIs" name="verify_Album_Title_ByUserID" time="0.414"/>
  <system-out/>
  <testcase classname="RestAPI.RestAPIs" name="print_comments_of_PostID" time="0.450"/>
  <system-out/>
  <testcase classname="RestAPI.RestAPIs" name="print_Completed_TODO_Titles_ByUserID" time="0.491"/>
  <system-out/>
</testsuite> <!-- RestAPI.RestAPIs -->
