<?xml version="1.0" encoding="UTF-8"?>
<!-- Generated by org.testng.reporters.JUnitReportReporter -->
<testsuite hostname="Alaa-Saber" failures="0" tests="7" name="Pages.LoginPageTests" time="49.328" errors="0" timestamp="2022-08-27T00:36:02 EET" skipped="0">
  <testcase classname="Pages.LoginPageTests" name="logInWith_NO_Email_NO_Password" time="10.774"/>
  <system-out/>
  <testcase classname="Pages.LoginPageTests" name="logInWith_Valid_Email_Valid_Password" time="15.118"/>
  <system-out/>
  <testcase classname="Pages.LoginPageTests" name="createNewAccountWith_UnRegistered_Email" time="4.970"/>
  <system-out/>
  <testcase classname="Pages.LoginPageTests" name="logInWith_In_Valid_Email_Valid_Password" time="4.966"/>
  <system-out/>
  <testcase classname="Pages.LoginPageTests" name="createNewAccountWith_Registered_Email" time="4.633"/>
  <system-out/>
  <testcase classname="Pages.LoginPageTests" name="logInWith_Valid_Email_InValid_Password" time="4.836"/>
  <system-out/>
  <testcase classname="Pages.LoginPageTests" name="createNewAccountWith_InValid_Email_Format" time="4.031"/>
  <system-out/>
</testsuite> <!-- Pages.LoginPageTests -->
