<?xml version="1.0" encoding="UTF-8"?>
<!-- Generated by org.testng.reporters.JUnitReportReporter -->
<testsuite hostname="Alaa-Saber" failures="0" tests="3" name="Pages.BusTicket" time="83.553" errors="0" timestamp="2022-08-28T21:19:34 EET" skipped="0">
  <testcase classname="Pages.BusTicket" name="book_bus_ticket_successfully" time="35.333"/>
  <system-out/>
  <testcase classname="Pages.BusTicket" name="user_must_date" time="9.797"/>
  <system-out/>
  <testcase classname="Pages.BusTicket" name="user_must_select_route" time="38.423"/>
  <system-out/>
</testsuite> <!-- Pages.BusTicket -->
