<?xml version="1.0" encoding="UTF-8"?>
<!-- Generated by org.testng.reporters.JUnitReportReporter -->
<testsuite hostname="Alaa-Saber" failures="0" tests="1" name="Pages.AddItemFromHomePageTest" time="26.399" errors="0" timestamp="2022-08-28T21:19:34 EET" skipped="0">
  <testcase classname="Pages.AddItemFromHomePageTest" name="select_first_item" time="26.399"/>
  <system-out/>
</testsuite> <!-- Pages.AddItemFromHomePageTest -->
